  {
    "event": {
      "COMMAND_LINE": "C:\\Windows\\System32\\svchost.exe -k NetworkService -s TermService",
      "CREATION_TIME": 1734629976659,
      "FILE_IS_SIGNED": 1,
      "FILE_PATH": "C:\\Windows\\System32\\svchost.exe",
      "HASH": "add683a6910abbbf0e28b557fad0ba998166394932ae2aca069d9aa19ea8fe88",
      "NETWORK_ACTIVITY": [
        {
          "DESTINATION": {
            "IP_ADDRESS": "10.128.15.200",
            "PORT": 3389
          },
          "IS_OUTGOING": 0,
          "PROTOCOL": "tcp4",
          "SOURCE": {
            "IP_ADDRESS": "194.180.49.39",
            "PORT": 45796
          },
          "TIMESTAMP": 1767718151661
        },
        {
          "DESTINATION": {
            "IP_ADDRESS": "10.128.15.200",
            "PORT": 3389
          },
          "IS_OUTGOING": 0,
          "PROTOCOL": "tcp4",
          "SOURCE": {
            "IP_ADDRESS": "3.70.126.251",
            "PORT": 52933
          },
          "TIMESTAMP": 1767718163212
        },
        {
          "DESTINATION": {
            "IP_ADDRESS": "10.128.15.200",
            "PORT": 3389
          },
          "IS_OUTGOING": 0,
          "PROTOCOL": "tcp4",
          "SOURCE": {
            "IP_ADDRESS": "194.180.49.40",
            "PORT": 58854
          },
          "TIMESTAMP": 1767718164665
        },
        {
          "DESTINATION": {
            "IP_ADDRESS": "10.128.15.200",
            "PORT": 3389
          },
          "IS_OUTGOING": 0,
          "PROTOCOL": "tcp4",
          "SOURCE": {
            "IP_ADDRESS": "201.150.150.54",
            "PORT": 52382
          },
          "TIMESTAMP": 1767718178147
        }
      ],
      "PARENT_PROCESS_ID": 624,
      "PROCESS_ID": 724,
      "USER_NAME": "NT AUTHORITY\\NETWORK SERVICE"
    },
    "routing": {
      "arch": 2,
      "did": "",
      "event_id": "1f4ded7d-4299-4fd9-aeb6-8c45125f90f4",
      "event_time": 1767718182045,
      "event_type": "NETWORK_CONNECTIONS",
      "ext_ip": "34.58.90.170",
      "hostname": "desktop-c2a1841.c.lc-demo-infra.internal.",
      "iid": "09774cc8-cb43-4164-abd3-87230031c142",
      "int_ip": "10.128.15.200",
      "latency": 10,
      "moduleid": 2,
      "oid": "aac9c41d-e0a3-4e7e-88b8-33936ab93238",
      "parent": "2d13b0fc1180529417ce48b26930948d",
      "plat": 268435456,
      "sid": "c4ba6121-d13d-4871-82f8-4b5c5556761e",
      "tags": [
        "lc:testtag",
        "ps-logging",
        "windows",
        "windows-desktop"
      ],
      "this": "0776011d3bbce444fafa27d5695d3d26"
    },
    "ts": "{{ date }} 16:49:42"
  },
  {
    "event": {
      "FILE_PATH": "C:\\Windows\\Prefetch\\TRUSTEDINSTALLER.EXE-766EFF52.pf",
      "PROCESS_ID": 1748
    },
    "routing": {
      "arch": 2,
      "did": "",
      "event_id": "3410ae56-e918-43c4-997d-2c1f9b5cc2f6",
      "event_time": 1767718180557,
      "event_type": "FILE_MODIFIED",
      "ext_ip": "34.58.90.170",
      "hostname": "desktop-c2a1841.c.lc-demo-infra.internal.",
      "iid": "09774cc8-cb43-4164-abd3-87230031c142",
      "int_ip": "10.128.15.200",
      "latency": 6874,
      "moduleid": 2,
      "oid": "aac9c41d-e0a3-4e7e-88b8-33936ab93238",
      "parent": "5a918e4bf5060936e6f60ba169309498",
      "plat": 268435456,
      "sid": "c4ba6121-d13d-4871-82f8-4b5c5556761e",
      "tags": [
        "lc:testtag",
        "ps-logging",
        "windows",
        "windows-desktop"
      ],
      "this": "24b1a0d831d6572b283ca57a695d3d2b"
    },
    "ts": "{{ date }} 16:49:40"
  },
  {
    "event": {
      "FILE_PATH": "C:\\Windows\\Prefetch\\TIWORKER.EXE-252288BE.pf",
      "PROCESS_ID": 1748
    },
    "routing": {
      "arch": 2,
      "did": "",
      "event_id": "3a252dba-b515-4924-91f5-b4bf67a0970b",
      "event_time": 1767718180620,
      "event_type": "FILE_MODIFIED",
      "ext_ip": "34.58.90.170",
      "hostname": "desktop-c2a1841.c.lc-demo-infra.internal.",
      "iid": "09774cc8-cb43-4164-abd3-87230031c142",
      "int_ip": "10.128.15.200",
      "latency": 6812,
      "moduleid": 2,
      "oid": "aac9c41d-e0a3-4e7e-88b8-33936ab93238",
      "parent": "5a918e4bf5060936e6f60ba169309498",
      "plat": 268435456,
      "sid": "c4ba6121-d13d-4871-82f8-4b5c5556761e",
      "tags": [
        "lc:testtag",
        "ps-logging",
        "windows",
        "windows-desktop"
      ],
      "this": "f16e9b2bf0d6061c394639da695d3d2b"
    },
    "ts": "{{ date }} 16:49:40"
  },
  {
    "event": {
      "EVENT": {
        "EventData": {
          "AuthenticationPackageName": "NTLM",
          "FailureReason": "%%2313",
          "IpAddress": "38.54.50.121",
          "IpPort": "0",
          "KeyLength": "0",
          "LmPackageName": "-",
          "LogonProcessName": "NtLmSsp",
          "LogonType": "3",
          "ProcessId": "0x0",
          "ProcessName": "-",
          "Status": "0xc000006d",
          "SubStatus": "0xc000006a",
          "SubjectDomainName": "-",
          "SubjectLogonId": "0x0",
          "SubjectUserName": "-",
          "SubjectUserSid": "S-1-0-0",
          "TargetDomainName": "WIN-QPBU6973Q4A",
          "TargetUserName": "Administrator",
          "TargetUserSid": "S-1-0-0",
          "TransmittedServices": "-",
          "WorkstationName": "WIN-QPBU6973Q4A"
        },
        "System": {
          "Channel": "Security",
          "Computer": "DESKTOP-C2A1841",
          "Correlation": {
            "ActivityID": "{352b8892-aa45-0001-ddca-25f63c52db01}"
          },
          "EventID": "4625",
          "EventRecordID": "9808962",
          "Execution": {
            "ProcessID": "648",
            "ThreadID": "16480"
          },
          "Keywords": "0x8010000000000000",
          "Level": "0",
          "Opcode": "0",
          "Provider": {
            "Guid": "{54849625-5478-4994-a5ba-3e3b0328c30d}",
            "Name": "Microsoft-Windows-Security-Auditing"
          },
          "Security": "",
          "Task": "12544",
          "TimeCreated": {
            "SystemTime": "2026-01-06T16:49:50.5402552Z"
          },
          "Version": "0",
          "_event_id": "4625"
        }
      }
    },
    "routing": {
      "arch": 2,
      "did": "",
      "event_id": "8c087acb-28f3-44cd-bdc6-6054bb20caa9",
      "event_time": 1767718191537,
      "event_type": "WEL",
      "ext_ip": "34.58.90.170",
      "hostname": "desktop-c2a1841.c.lc-demo-infra.internal.",
      "iid": "09774cc8-cb43-4164-abd3-87230031c142",
      "int_ip": "10.128.15.200",
      "latency": 6,
      "moduleid": 2,
      "oid": "aac9c41d-e0a3-4e7e-88b8-33936ab93238",
      "plat": 268435456,
      "sid": "c4ba6121-d13d-4871-82f8-4b5c5556761e",
      "tags": [
        "lc:testtag",
        "ps-logging",
        "windows",
        "windows-desktop"
      ],
      "this": "d6aaeb437b4129bc720abab6695d3d2f"
    },
    "ts": "{{ date }} 16:49:51"
  },
  {
    "event": {
      "EVENT": {
        "EventData": {
          "AuthenticationPackageName": "NTLM",
          "FailureReason": "%%2313",
          "IpAddress": "38.54.50.121",
          "IpPort": "0",
          "KeyLength": "0",
          "LmPackageName": "-",
          "LogonProcessName": "NtLmSsp",
          "LogonType": "3",
          "ProcessId": "0x0",
          "ProcessName": "-",
          "Status": "0xc000006d",
          "SubStatus": "0xc000006a",
          "SubjectDomainName": "-",
          "SubjectLogonId": "0x0",
          "SubjectUserName": "-",
          "SubjectUserSid": "S-1-0-0",
          "TargetDomainName": "WIN-QPBU6973Q4A",
          "TargetUserName": "Administrator",
          "TargetUserSid": "S-1-0-0",
          "TransmittedServices": "-",
          "WorkstationName": "WIN-QPBU6973Q4A"
        },
        "System": {
          "Channel": "Security",
          "Computer": "DESKTOP-C2A1841",
          "Correlation": {
            "ActivityID": "{352b8892-aa45-0001-ddca-25f63c52db01}"
          },
          "EventID": "4625",
          "EventRecordID": "9808963",
          "Execution": {
            "ProcessID": "648",
            "ThreadID": "16480"
          },
          "Keywords": "0x8010000000000000",
          "Level": "0",
          "Opcode": "0",
          "Provider": {
            "Guid": "{54849625-5478-4994-a5ba-3e3b0328c30d}",
            "Name": "Microsoft-Windows-Security-Auditing"
          },
          "Security": "",
          "Task": "12544",
          "TimeCreated": {
            "SystemTime": "2026-01-06T16:49:51.6649500Z"
          },
          "Version": "0",
          "_event_id": "4625"
        }
      }
    },
    "routing": {
      "arch": 2,
      "did": "",
      "event_id": "09945a4c-af9f-4df9-aeb1-57bb0808ce7b",
      "event_time": 1767718192663,
      "event_type": "WEL",
      "ext_ip": "34.58.90.170",
      "hostname": "desktop-c2a1841.c.lc-demo-infra.internal.",
      "iid": "09774cc8-cb43-4164-abd3-87230031c142",
      "int_ip": "10.128.15.200",
      "latency": 15,
      "moduleid": 2,
      "oid": "aac9c41d-e0a3-4e7e-88b8-33936ab93238",
      "plat": 268435456,
      "sid": "c4ba6121-d13d-4871-82f8-4b5c5556761e",
      "tags": [
        "lc:testtag",
        "ps-logging",
        "windows",
        "windows-desktop"
      ],
      "this": "e8daa0d264d8a8a4cba7fe10695d3d30"
    },
    "ts": "{{ date }} 16:49:52"
  },
  {
    "event": {
      "EVENT": {
        "EventData": {
          "AuthenticationPackageName": "NTLM",
          "FailureReason": "%%2313",
          "IpAddress": "37.187.28.46",
          "IpPort": "0",
          "KeyLength": "0",
          "LmPackageName": "-",
          "LogonProcessName": "NtLmSsp",
          "LogonType": "3",
          "ProcessId": "0x0",
          "ProcessName": "-",
          "Status": "0xc000006d",
          "SubStatus": "0xc0000064",
          "SubjectDomainName": "-",
          "SubjectLogonId": "0x0",
          "SubjectUserName": "-",
          "SubjectUserSid": "S-1-0-0",
          "TargetDomainName": "",
          "TargetUserName": "SERVICES",
          "TargetUserSid": "S-1-0-0",
          "TransmittedServices": "-",
          "WorkstationName": "-"
        },
        "System": {
          "Channel": "Security",
          "Computer": "DESKTOP-C2A1841",
          "Correlation": {
            "ActivityID": "{352b8892-aa45-0001-ddca-25f63c52db01}"
          },
          "EventID": "4625",
          "EventRecordID": "9808964",
          "Execution": {
            "ProcessID": "648",
            "ThreadID": "16480"
          },
          "Keywords": "0x8010000000000000",
          "Level": "0",
          "Opcode": "0",
          "Provider": {
            "Guid": "{54849625-5478-4994-a5ba-3e3b0328c30d}",
            "Name": "Microsoft-Windows-Security-Auditing"
          },
          "Security": "",
          "Task": "12544",
          "TimeCreated": {
            "SystemTime": "2026-01-06T16:49:54.3217685Z"
          },
          "Version": "0",
          "_event_id": "4625"
        }
      }
    },
    "routing": {
      "arch": 2,
      "did": "",
      "event_id": "382374d7-5b6a-486a-bbaf-6d7691bd2adf",
      "event_time": 1767718195335,
      "event_type": "WEL",
      "ext_ip": "34.58.90.170",
      "hostname": "desktop-c2a1841.c.lc-demo-infra.internal.",
      "iid": "09774cc8-cb43-4164-abd3-87230031c142",
      "int_ip": "10.128.15.200",
      "latency": 6,
      "moduleid": 2,
      "oid": "aac9c41d-e0a3-4e7e-88b8-33936ab93238",
      "plat": 268435456,
      "sid": "c4ba6121-d13d-4871-82f8-4b5c5556761e",
      "tags": [
        "lc:testtag",
        "ps-logging",
        "windows",
        "windows-desktop"
      ],
      "this": "8ff91e8caf273a3017a8c990695d3d33"
    },
    "ts": "{{ date }} 16:49:55"
  },
  {
    "event": {
      "DNS_TYPE": 28,
      "DOMAIN_NAME": "wpad",
      "ERROR": 9003,
      "PROCESS_ID": 11944,
      "THREAD_ID": 8868
    },
    "routing": {
      "arch": 2,
      "did": "",
      "event_id": "d08555a3-1a02-484f-9eaf-0b6a71a8e3ec",
      "event_time": 1767718173725,
      "event_type": "DNS_REQUEST",
      "ext_ip": "34.58.90.170",
      "hostname": "desktop-c2a1841.c.lc-demo-infra.internal.",
      "iid": "09774cc8-cb43-4164-abd3-87230031c142",
      "int_ip": "10.128.15.200",
      "latency": 21993,
      "moduleid": 2,
      "oid": "aac9c41d-e0a3-4e7e-88b8-33936ab93238",
      "plat": 268435456,
      "sid": "c4ba6121-d13d-4871-82f8-4b5c5556761e",
      "tags": [
        "lc:testtag",
        "ps-logging",
        "windows",
        "windows-desktop"
      ],
      "this": "68de92747f40c8d79a0187ee695d3d33"
    },
    "ts": "{{ date }} 16:49:33"
  },
  {
    "event": {
      "COMMAND_LINE": "C:\\Windows\\System32\\svchost.exe -k NetworkService -s TermService",
      "CREATION_TIME": 1734629976659,
      "FILE_IS_SIGNED": 1,
      "FILE_PATH": "C:\\Windows\\System32\\svchost.exe",
      "HASH": "add683a6910abbbf0e28b557fad0ba998166394932ae2aca069d9aa19ea8fe88",
      "NETWORK_ACTIVITY": [
        {
          "DESTINATION": {
            "IP_ADDRESS": "10.128.15.200",
            "PORT": 3389
          },
          "IS_OUTGOING": 0,
          "PROTOCOL": "tcp4",
          "SOURCE": {
            "IP_ADDRESS": "38.54.50.121",
            "PORT": 56047
          },
          "TIMESTAMP": 1767718189737
        },
        {
          "DESTINATION": {
            "IP_ADDRESS": "10.128.15.200",
            "PORT": 3389
          },
          "IS_OUTGOING": 0,
          "PROTOCOL": "tcp4",
          "SOURCE": {
            "IP_ADDRESS": "38.54.50.121",
            "PORT": 56559
          },
          "TIMESTAMP": 1767718190864
        },
        {
          "DESTINATION": {
            "IP_ADDRESS": "10.128.15.200",
            "PORT": 3389
          },
          "IS_OUTGOING": 0,
          "PROTOCOL": "tcp4",
          "SOURCE": {
            "IP_ADDRESS": "37.187.28.46",
            "PORT": 44802
          },
          "TIMESTAMP": 1767718192398
        },
        {
          "DESTINATION": {
            "IP_ADDRESS": "10.128.15.200",
            "PORT": 3389
          },
          "IS_OUTGOING": 0,
          "PROTOCOL": "tcp4",
          "SOURCE": {
            "IP_ADDRESS": "3.70.126.251",
            "PORT": 53269
          },
          "TIMESTAMP": 1767718211496
        },
        {
          "DESTINATION": {
            "IP_ADDRESS": "10.128.15.200",
            "PORT": 3389
          },
          "IS_OUTGOING": 0,
          "PROTOCOL": "tcp4",
          "SOURCE": {
            "IP_ADDRESS": "194.180.49.39",
            "PORT": 58673
          },
          "TIMESTAMP": 1767718212303
        }
      ],
      "PARENT_PROCESS_ID": 624,
      "PROCESS_ID": 724,
      "USER_NAME": "NT AUTHORITY\\NETWORK SERVICE"
    },
    "routing": {
      "arch": 2,
      "did": "",
      "event_id": "2aed8e59-54b8-4e7b-9a5f-60d00eb79470",
      "event_time": 1767718213319,
      "event_type": "NETWORK_CONNECTIONS",
      "ext_ip": "34.58.90.170",
      "hostname": "desktop-c2a1841.c.lc-demo-infra.internal.",
      "iid": "09774cc8-cb43-4164-abd3-87230031c142",
      "int_ip": "10.128.15.200",
      "latency": 39,
      "moduleid": 2,
      "oid": "aac9c41d-e0a3-4e7e-88b8-33936ab93238",
      "parent": "2d13b0fc1180529417ce48b26930948d",
      "plat": 268435456,
      "sid": "c4ba6121-d13d-4871-82f8-4b5c5556761e",
      "tags": [
        "lc:testtag",
        "ps-logging",
        "windows",
        "windows-desktop"
      ],
      "this": "c9a376a4c61cd5eef748712b695d3d45"
    },
    "ts": "{{ date }} 16:50:13"
  },
  {
    "event": {
      "COMMAND_LINE": "C:\\Windows\\system32\\svchost.exe -k NetworkService -p -s Dnscache",
      "CREATION_TIME": 1734629977475,
      "FILE_IS_SIGNED": 1,
      "FILE_PATH": "C:\\Windows\\system32\\svchost.exe",
      "HASH": "add683a6910abbbf0e28b557fad0ba998166394932ae2aca069d9aa19ea8fe88",
      "NETWORK_ACTIVITY": [
        {
          "DESTINATION": {
            "IP_ADDRESS": "10.128.0.1",
            "PORT": 53
          },
          "IS_OUTGOING": 1,
          "PROTOCOL": "udp4",
          "SOURCE": {
            "IP_ADDRESS": "10.128.15.200",
            "PORT": 52207
          },
          "TIMESTAMP": 1767718194695
        },
        {
          "DESTINATION": {
            "IP_ADDRESS": "10.128.0.1",
            "PORT": 53
          },
          "IS_OUTGOING": 1,
          "PROTOCOL": "udp4",
          "SOURCE": {
            "IP_ADDRESS": "10.128.15.200",
            "PORT": 63334
          },
          "TIMESTAMP": 1767718194695
        }
      ],
      "PARENT_PROCESS_ID": 624,
      "PROCESS_ID": 1912,
      "USER_NAME": "NT AUTHORITY\\NETWORK SERVICE"
    },
    "routing": {
      "arch": 2,
      "did": "",
      "event_id": "cc897a53-52ba-47aa-b838-17939a0109ce",
      "event_time": 1767718213319,
      "event_type": "NETWORK_CONNECTIONS",
      "ext_ip": "34.58.90.170",
      "hostname": "desktop-c2a1841.c.lc-demo-infra.internal.",
      "iid": "09774cc8-cb43-4164-abd3-87230031c142",
      "int_ip": "10.128.15.200",
      "latency": 96,
      "moduleid": 2,
      "oid": "aac9c41d-e0a3-4e7e-88b8-33936ab93238",
      "parent": "bda734c40f43ffbb834beaf169309498",
      "plat": 268435456,
      "sid": "c4ba6121-d13d-4871-82f8-4b5c5556761e",
      "tags": [
        "lc:testtag",
        "ps-logging",
        "windows",
        "windows-desktop"
      ],
      "this": "bc923560b9d6d0412949436b695d3d45"
    },
    "ts": "{{ date }} 16:50:13"
  },
  {
    "event": {
      "EVENT": {
        "EventData": {
          "AuthenticationPackageName": "NTLM",
          "FailureReason": "%%2313",
          "IpAddress": "194.180.49.39",
          "IpPort": "0",
          "KeyLength": "0",
          "LmPackageName": "-",
          "LogonProcessName": "NtLmSsp",
          "LogonType": "3",
          "ProcessId": "0x0",
          "ProcessName": "-",
          "Status": "0xc000006d",
          "SubStatus": "0xc000006a",
          "SubjectDomainName": "-",
          "SubjectLogonId": "0x0",
          "SubjectUserName": "-",
          "SubjectUserSid": "S-1-0-0",
          "TargetDomainName": "",
          "TargetUserName": "ADMINISTRATOR",
          "TargetUserSid": "S-1-0-0",
          "TransmittedServices": "-",
          "WorkstationName": "-"
        },
        "System": {
          "Channel": "Security",
          "Computer": "DESKTOP-C2A1841",
          "Correlation": {
            "ActivityID": "{352b8892-aa45-0001-ddca-25f63c52db01}"
          },
          "EventID": "4625",
          "EventRecordID": "9808965",
          "Execution": {
            "ProcessID": "648",
            "ThreadID": "16480"
          },
          "Keywords": "0x8010000000000000",
          "Level": "0",
          "Opcode": "0",
          "Provider": {
            "Guid": "{54849625-5478-4994-a5ba-3e3b0328c30d}",
            "Name": "Microsoft-Windows-Security-Auditing"
          },
          "Security": "",
          "Task": "12544",
          "TimeCreated": {
            "SystemTime": "2026-01-06T16:50:12.9773416Z"
          },
          "Version": "0",
          "_event_id": "4625"
        }
      }
    },
    "routing": {
      "arch": 2,
      "did": "",
      "event_id": "8d66af55-4a53-4f15-81d0-fa1fd131f822",
      "event_time": 1767718213975,
      "event_type": "WEL",
      "ext_ip": "34.58.90.170",
      "hostname": "desktop-c2a1841.c.lc-demo-infra.internal.",
      "iid": "09774cc8-cb43-4164-abd3-87230031c142",
      "int_ip": "10.128.15.200",
      "latency": 30,
      "moduleid": 2,
      "oid": "aac9c41d-e0a3-4e7e-88b8-33936ab93238",
      "plat": 268435456,
      "sid": "c4ba6121-d13d-4871-82f8-4b5c5556761e",
      "tags": [
        "lc:testtag",
        "ps-logging",
        "windows",
        "windows-desktop"
      ],
      "this": "113ca99b4d74ca9633fba1ba695d3d45"
    },
    "ts": "{{ date }} 16:50:13"
  },
  {
    "event": {
      "EVENT": {
        "EventData": {
          "AuthenticationPackageName": "NTLM",
          "FailureReason": "%%2313",
          "IpAddress": "3.70.126.251",
          "IpPort": "0",
          "KeyLength": "0",
          "LmPackageName": "-",
          "LogonProcessName": "NtLmSsp",
          "LogonType": "3",
          "ProcessId": "0x0",
          "ProcessName": "-",
          "Status": "0xc000006d",
          "SubStatus": "0xc000006a",
          "SubjectDomainName": "-",
          "SubjectLogonId": "0x0",
          "SubjectUserName": "-",
          "SubjectUserSid": "S-1-0-0",
          "TargetDomainName": "",
          "TargetUserName": "ADMINISTRATOR",
          "TargetUserSid": "S-1-0-0",
          "TransmittedServices": "-",
          "WorkstationName": "-"
        },
        "System": {
          "Channel": "Security",
          "Computer": "DESKTOP-C2A1841",
          "Correlation": {
            "ActivityID": "{352b8892-aa45-0001-ddca-25f63c52db01}"
          },
          "EventID": "4625",
          "EventRecordID": "9808966",
          "Execution": {
            "ProcessID": "648",
            "ThreadID": "16480"
          },
          "Keywords": "0x8010000000000000",
          "Level": "0",
          "Opcode": "0",
          "Provider": {
            "Guid": "{54849625-5478-4994-a5ba-3e3b0328c30d}",
            "Name": "Microsoft-Windows-Security-Auditing"
          },
          "Security": "",
          "Task": "12544",
          "TimeCreated": {
            "SystemTime": "2026-01-06T16:50:13.0505457Z"
          },
          "Version": "0",
          "_event_id": "4625"
        }
      }
    },
    "routing": {
      "arch": 2,
      "did": "",
      "event_id": "21a37862-8b9c-4052-afd4-e7f818f90a2e",
      "event_time": 1767718213975,
      "event_type": "WEL",
      "ext_ip": "34.58.90.170",
      "hostname": "desktop-c2a1841.c.lc-demo-infra.internal.",
      "iid": "09774cc8-cb43-4164-abd3-87230031c142",
      "int_ip": "10.128.15.200",
      "latency": 71,
      "moduleid": 2,
      "oid": "aac9c41d-e0a3-4e7e-88b8-33936ab93238",
      "plat": 268435456,
      "sid": "c4ba6121-d13d-4871-82f8-4b5c5556761e",
      "tags": [
        "lc:testtag",
        "ps-logging",
        "windows",
        "windows-desktop"
      ],
      "this": "e56de303e1ab9e7ee83a8093695d3d45"
    },
    "ts": "{{ date }} 16:50:13"
  },
  {
    "event": {
      "EVENT": {
        "EventData": {
          "AuthenticationPackageName": "NTLM",
          "FailureReason": "%%2313",
          "IpAddress": "109.205.211.41",
          "IpPort": "0",
          "KeyLength": "0",
          "LmPackageName": "-",
          "LogonProcessName": "NtLmSsp",
          "LogonType": "3",
          "ProcessId": "0x0",
          "ProcessName": "-",
          "Status": "0xc000006d",
          "SubStatus": "0xc000006a",
          "SubjectDomainName": "-",
          "SubjectLogonId": "0x0",
          "SubjectUserName": "-",
          "SubjectUserSid": "S-1-0-0",
          "TargetDomainName": "",
          "TargetUserName": "ADMIN",
          "TargetUserSid": "S-1-0-0",
          "TransmittedServices": "-",
          "WorkstationName": "-"
        },
        "System": {
          "Channel": "Security",
          "Computer": "DESKTOP-C2A1841",
          "Correlation": {
            "ActivityID": "{352b8892-aa45-0001-ddca-25f63c52db01}"
          },
          "EventID": "4625",
          "EventRecordID": "9808967",
          "Execution": {
            "ProcessID": "648",
            "ThreadID": "16480"
          },
          "Keywords": "0x8010000000000000",
          "Level": "0",
          "Opcode": "0",
          "Provider": {
            "Guid": "{54849625-5478-4994-a5ba-3e3b0328c30d}",
            "Name": "Microsoft-Windows-Security-Auditing"
          },
          "Security": "",
          "Task": "12544",
          "TimeCreated": {
            "SystemTime": "2026-01-06T16:50:14.0735754Z"
          },
          "Version": "0",
          "_event_id": "4625"
        }
      }
    },
    "routing": {
      "arch": 2,
      "did": "",
      "event_id": "4bbbc132-8fe9-4ed4-a041-471a7879c00b",
      "event_time": 1767718215069,
      "event_type": "WEL",
      "ext_ip": "34.58.90.170",
      "hostname": "desktop-c2a1841.c.lc-demo-infra.internal.",
      "iid": "09774cc8-cb43-4164-abd3-87230031c142",
      "int_ip": "10.128.15.200",
      "latency": 12,
      "moduleid": 2,
      "oid": "aac9c41d-e0a3-4e7e-88b8-33936ab93238",
      "plat": 268435456,
      "sid": "c4ba6121-d13d-4871-82f8-4b5c5556761e",
      "tags": [
        "lc:testtag",
        "ps-logging",
        "windows",
        "windows-desktop"
      ],
      "this": "1a2c3281016192b1c0969537695d3d47"
    },
    "ts": "{{ date }} 16:50:15"
  },
  {
    "event": {
      "EVENT": {
        "EventData": {
          "AuthenticationPackageName": "NTLM",
          "FailureReason": "%%2313",
          "IpAddress": "194.180.49.40",
          "IpPort": "0",
          "KeyLength": "0",
          "LmPackageName": "-",
          "LogonProcessName": "NtLmSsp",
          "LogonType": "3",
          "ProcessId": "0x0",
          "ProcessName": "-",
          "Status": "0xc000006d",
          "SubStatus": "0xc000006a",
          "SubjectDomainName": "-",
          "SubjectLogonId": "0x0",
          "SubjectUserName": "-",
          "SubjectUserSid": "S-1-0-0",
          "TargetDomainName": "",
          "TargetUserName": "ADMIN",
          "TargetUserSid": "S-1-0-0",
          "TransmittedServices": "-",
          "WorkstationName": "-"
        },
        "System": {
          "Channel": "Security",
          "Computer": "DESKTOP-C2A1841",
          "Correlation": {
            "ActivityID": "{352b8892-aa45-0001-ddca-25f63c52db01}"
          },
          "EventID": "4625",
          "EventRecordID": "9808968",
          "Execution": {
            "ProcessID": "648",
            "ThreadID": "16480"
          },
          "Keywords": "0x8010000000000000",
          "Level": "0",
          "Opcode": "0",
          "Provider": {
            "Guid": "{54849625-5478-4994-a5ba-3e3b0328c30d}",
            "Name": "Microsoft-Windows-Security-Auditing"
          },
          "Security": "",
          "Task": "12544",
          "TimeCreated": {
            "SystemTime": "2026-01-06T16:50:27.2322006Z"
          },
          "Version": "0",
          "_event_id": "4625"
        }
      }
    },
    "routing": {
      "arch": 2,
      "did": "",
      "event_id": "3013cef0-2acf-4afa-b921-62325d277239",
      "event_time": 1767718228227,
      "event_type": "WEL",
      "ext_ip": "34.58.90.170",
      "hostname": "desktop-c2a1841.c.lc-demo-infra.internal.",
      "iid": "09774cc8-cb43-4164-abd3-87230031c142",
      "int_ip": "10.128.15.200",
      "latency": 16,
      "moduleid": 2,
      "oid": "aac9c41d-e0a3-4e7e-88b8-33936ab93238",
      "plat": 268435456,
      "sid": "c4ba6121-d13d-4871-82f8-4b5c5556761e",
      "tags": [
        "lc:testtag",
        "ps-logging",
        "windows",
        "windows-desktop"
      ],
      "this": "ef4ee86e146467fe1ed5910b695d3d54"
    },
    "ts": "{{ date }} 16:50:28"
  },
  {
    "event": {
      "EVENT": {
        "EventData": {
          "AuthenticationPackageName": "NTLM",
          "FailureReason": "%%2313",
          "IpAddress": "106.0.54.50",
          "IpPort": "0",
          "KeyLength": "0",
          "LmPackageName": "-",
          "LogonProcessName": "NtLmSsp",
          "LogonType": "3",
          "ProcessId": "0x0",
          "ProcessName": "-",
          "Status": "0xc000006d",
          "SubStatus": "0xc000006a",
          "SubjectDomainName": "-",
          "SubjectLogonId": "0x0",
          "SubjectUserName": "-",
          "SubjectUserSid": "S-1-0-0",
          "TargetDomainName": "",
          "TargetUserName": "ADMINISTRATOR",
          "TargetUserSid": "S-1-0-0",
          "TransmittedServices": "-",
          "WorkstationName": "-"
        },
        "System": {
          "Channel": "Security",
          "Computer": "DESKTOP-C2A1841",
          "Correlation": {
            "ActivityID": "{352b8892-aa45-0001-ddca-25f63c52db01}"
          },
          "EventID": "4625",
          "EventRecordID": "9808969",
          "Execution": {
            "ProcessID": "648",
            "ThreadID": "16480"
          },
          "Keywords": "0x8010000000000000",
          "Level": "0",
          "Opcode": "0",
          "Provider": {
            "Guid": "{54849625-5478-4994-a5ba-3e3b0328c30d}",
            "Name": "Microsoft-Windows-Security-Auditing"
          },
          "Security": "",
          "Task": "12544",
          "TimeCreated": {
            "SystemTime": "2026-01-06T16:50:35.3802798Z"
          },
          "Version": "0",
          "_event_id": "4625"
        }
      }
    },
    "routing": {
      "arch": 2,
      "did": "",
      "event_id": "a9813885-0d4c-4a28-afc9-c6ee0501ea48",
      "event_time": 1767718236375,
      "event_type": "WEL",
      "ext_ip": "34.58.90.170",
      "hostname": "desktop-c2a1841.c.lc-demo-infra.internal.",
      "iid": "09774cc8-cb43-4164-abd3-87230031c142",
      "int_ip": "10.128.15.200",
      "latency": 6,
      "moduleid": 2,
      "oid": "aac9c41d-e0a3-4e7e-88b8-33936ab93238",
      "plat": 268435456,
      "sid": "c4ba6121-d13d-4871-82f8-4b5c5556761e",
      "tags": [
        "lc:testtag",
        "ps-logging",
        "windows",
        "windows-desktop"
      ],
      "this": "cd03d04802321cd9b09c6d1e695d3d5c"
    },
    "ts": "{{ date }} 16:50:36"
  },
  {
    "event": {
      "EVENT": {
        "EventData": {
          "AuthenticationPackageName": "NTLM",
          "FailureReason": "%%2313",
          "IpAddress": "37.187.28.46",
          "IpPort": "0",
          "KeyLength": "0",
          "LmPackageName": "-",
          "LogonProcessName": "NtLmSsp",
          "LogonType": "3",
          "ProcessId": "0x0",
          "ProcessName": "-",
          "Status": "0xc000006d",
          "SubStatus": "0xc0000064",
          "SubjectDomainName": "-",
          "SubjectLogonId": "0x0",
          "SubjectUserName": "-",
          "SubjectUserSid": "S-1-0-0",
          "TargetDomainName": "",
          "TargetUserName": "RECEPTION",
          "TargetUserSid": "S-1-0-0",
          "TransmittedServices": "-",
          "WorkstationName": "-"
        },
        "System": {
          "Channel": "Security",
          "Computer": "DESKTOP-C2A1841",
          "Correlation": {
            "ActivityID": "{352b8892-aa45-0001-ddca-25f63c52db01}"
          },
          "EventID": "4625",
          "EventRecordID": "9808970",
          "Execution": {
            "ProcessID": "648",
            "ThreadID": "16480"
          },
          "Keywords": "0x8010000000000000",
          "Level": "0",
          "Opcode": "0",
          "Provider": {
            "Guid": "{54849625-5478-4994-a5ba-3e3b0328c30d}",
            "Name": "Microsoft-Windows-Security-Auditing"
          },
          "Security": "",
          "Task": "12544",
          "TimeCreated": {
            "SystemTime": "2026-01-06T16:50:37.0935824Z"
          },
          "Version": "0",
          "_event_id": "4625"
        }
      }
    },
    "routing": {
      "arch": 2,
      "did": "",
      "event_id": "caf94266-0869-4b80-b35d-4571318b1274",
      "event_time": 1767718238080,
      "event_type": "WEL",
      "ext_ip": "34.58.90.170",
      "hostname": "desktop-c2a1841.c.lc-demo-infra.internal.",
      "iid": "09774cc8-cb43-4164-abd3-87230031c142",
      "int_ip": "10.128.15.200",
      "latency": 6,
      "moduleid": 2,
      "oid": "aac9c41d-e0a3-4e7e-88b8-33936ab93238",
      "plat": 268435456,
      "sid": "c4ba6121-d13d-4871-82f8-4b5c5556761e",
      "tags": [
        "lc:testtag",
        "ps-logging",
        "windows",
        "windows-desktop"
      ],
      "this": "1bb7e870b937134d462f7ca2695d3d5e"
    },
    "ts": "{{ date }} 16:50:38"
  },
  {
    "event": {
      "COMMAND_LINE": "C:\\Windows\\System32\\svchost.exe -k NetworkService -s TermService",
      "CREATION_TIME": 1734629976659,
      "FILE_IS_SIGNED": 1,
      "FILE_PATH": "C:\\Windows\\System32\\svchost.exe",
      "HASH": "add683a6910abbbf0e28b557fad0ba998166394932ae2aca069d9aa19ea8fe88",
      "NETWORK_ACTIVITY": [
        {
          "DESTINATION": {
            "IP_ADDRESS": "10.128.15.200",
            "PORT": 3389
          },
          "IS_OUTGOING": 0,
          "PROTOCOL": "tcp4",
          "SOURCE": {
            "IP_ADDRESS": "109.205.211.41",
            "PORT": 59473
          },
          "TIMESTAMP": 1767718213412
        },
        {
          "DESTINATION": {
            "IP_ADDRESS": "10.128.15.200",
            "PORT": 3389
          },
          "IS_OUTGOING": 0,
          "PROTOCOL": "tcp4",
          "SOURCE": {
            "IP_ADDRESS": "194.180.49.40",
            "PORT": 51963
          },
          "TIMESTAMP": 1767718226553
        },
        {
          "DESTINATION": {
            "IP_ADDRESS": "10.128.15.200",
            "PORT": 3389
          },
          "IS_OUTGOING": 0,
          "PROTOCOL": "tcp4",
          "SOURCE": {
            "IP_ADDRESS": "106.0.54.50",
            "PORT": 54062
          },
          "TIMESTAMP": 1767718233983
        },
        {
          "DESTINATION": {
            "IP_ADDRESS": "10.128.15.200",
            "PORT": 3389
          },
          "IS_OUTGOING": 0,
          "PROTOCOL": "tcp4",
          "SOURCE": {
            "IP_ADDRESS": "37.187.28.46",
            "PORT": 6423
          },
          "TIMESTAMP": 1767718235921
        }
      ],
      "PARENT_PROCESS_ID": 624,
      "PROCESS_ID": 724,
      "USER_NAME": "NT AUTHORITY\\NETWORK SERVICE"
    },
    "routing": {
      "arch": 2,
      "did": "",
      "event_id": "2a516976-a026-4c61-a09d-415ab65b938e",
      "event_time": 1767718244623,
      "event_type": "NETWORK_CONNECTIONS",
      "ext_ip": "34.58.90.170",
      "hostname": "desktop-c2a1841.c.lc-demo-infra.internal.",
      "iid": "09774cc8-cb43-4164-abd3-87230031c142",
      "int_ip": "10.128.15.200",
      "latency": 5,
      "moduleid": 2,
      "oid": "aac9c41d-e0a3-4e7e-88b8-33936ab93238",
      "parent": "2d13b0fc1180529417ce48b26930948d",
      "plat": 268435456,
      "sid": "c4ba6121-d13d-4871-82f8-4b5c5556761e",
      "tags": [
        "lc:testtag",
        "ps-logging",
        "windows",
        "windows-desktop"
      ],
      "this": "0be6de84c0b0571b290dcbbe695d3d64"
    },
    "ts": "{{ date }} 16:50:44"
  },
  {
    "event": {
      "EVENT": {
        "EventData": {
          "AuthenticationPackageName": "NTLM",
          "FailureReason": "%%2313",
          "IpAddress": "109.205.211.41",
          "IpPort": "0",
          "KeyLength": "0",
          "LmPackageName": "-",
          "LogonProcessName": "NtLmSsp",
          "LogonType": "3",
          "ProcessId": "0x0",
          "ProcessName": "-",
          "Status": "0xc000006d",
          "SubStatus": "0xc0000064",
          "SubjectDomainName": "-",
          "SubjectLogonId": "0x0",
          "SubjectUserName": "-",
          "SubjectUserSid": "S-1-0-0",
          "TargetDomainName": "-",
          "TargetUserName": "ADMIN",
          "TargetUserSid": "S-1-0-0",
          "TransmittedServices": "-",
          "WorkstationName": "-"
        },
        "System": {
          "Channel": "Security",
          "Computer": "windows-server-2022-aac9c41d-e0a3-4e7e-88b8-33936ab93238-0",
          "Correlation": {
            "ActivityID": "{55ae049b-37ef-0001-acbb-5be38469dc01}"
          },
          "EventID": "4625",
          "EventRecordID": "24344645",
          "Execution": {
            "ProcessID": "648",
            "ThreadID": "3300"
          },
          "Keywords": "0x8010000000000000",
          "Level": "0",
          "Opcode": "0",
          "Provider": {
            "Guid": "{54849625-5478-4994-a5ba-3e3b0328c30d}",
            "Name": "Microsoft-Windows-Security-Auditing"
          },
          "Security": "",
          "Task": "12544",
          "TimeCreated": {
            "SystemTime": "2026-01-06T16:50:31.1100313Z"
          },
          "Version": "0",
          "_event_id": "4625"
        }
      }
    },
    "routing": {
      "arch": 2,
      "did": "",
      "event_id": "9e900521-3fdf-47d7-8bab-2ffe94de20b3",
      "event_time": 1767718232108,
      "event_type": "WEL",
      "ext_ip": "34.171.104.183",
      "hostname": "windows-server-2022-aac9c41d-e0a3-4e7e-88b8-33936ab93238-0.c.lc-demo-infra.internal.",
      "iid": "09774cc8-cb43-4164-abd3-87230031c142",
      "int_ip": "10.128.15.201",
      "latency": 3,
      "moduleid": 2,
      "oid": "aac9c41d-e0a3-4e7e-88b8-33936ab93238",
      "plat": 268435456,
      "sid": "17b8710a-7337-4e64-9c18-2955e86f2d0d",
      "tags": [
        "fim",
        "lc:stable",
        "ps-logging",
        "server",
        "windows"
      ],
      "this": "71e436120c53cf17a962a1e2695d3d58"
    },
    "ts": "{{ date }} 16:50:32"
  },
  {
    "event": {
      "EVENT": {
        "EventData": {
          "AuthenticationPackageName": "NTLM",
          "FailureReason": "%%2313",
          "IpAddress": "194.180.49.39",
          "IpPort": "0",
          "KeyLength": "0",
          "LmPackageName": "-",
          "LogonProcessName": "NtLmSsp",
          "LogonType": "3",
          "ProcessId": "0x0",
          "ProcessName": "-",
          "Status": "0xc000006d",
          "SubStatus": "0xc000006a",
          "SubjectDomainName": "-",
          "SubjectLogonId": "0x0",
          "SubjectUserName": "-",
          "SubjectUserSid": "S-1-0-0",
          "TargetDomainName": "-",
          "TargetUserName": "ADMINISTRATOR",
          "TargetUserSid": "S-1-0-0",
          "TransmittedServices": "-",
          "WorkstationName": "-"
        },
        "System": {
          "Channel": "Security",
          "Computer": "windows-server-2022-aac9c41d-e0a3-4e7e-88b8-33936ab93238-0",
          "Correlation": {
            "ActivityID": "{55ae049b-37ef-0001-acbb-5be38469dc01}"
          },
          "EventID": "4625",
          "EventRecordID": "24344646",
          "Execution": {
            "ProcessID": "648",
            "ThreadID": "3300"
          },
          "Keywords": "0x8010000000000000",
          "Level": "0",
          "Opcode": "0",
          "Provider": {
            "Guid": "{54849625-5478-4994-a5ba-3e3b0328c30d}",
            "Name": "Microsoft-Windows-Security-Auditing"
          },
          "Security": "",
          "Task": "12544",
          "TimeCreated": {
            "SystemTime": "2026-01-06T16:50:38.5349998Z"
          },
          "Version": "0",
          "_event_id": "4625"
        }
      }
    },
    "routing": {
      "arch": 2,
      "did": "",
      "event_id": "d8c21bdf-61a6-4a6b-938b-498ba8984997",
      "event_time": 1767718239535,
      "event_type": "WEL",
      "ext_ip": "34.171.104.183",
      "hostname": "windows-server-2022-aac9c41d-e0a3-4e7e-88b8-33936ab93238-0.c.lc-demo-infra.internal.",
      "iid": "09774cc8-cb43-4164-abd3-87230031c142",
      "int_ip": "10.128.15.201",
      "latency": 3,
      "moduleid": 2,
      "oid": "aac9c41d-e0a3-4e7e-88b8-33936ab93238",
      "plat": 268435456,
      "sid": "17b8710a-7337-4e64-9c18-2955e86f2d0d",
      "tags": [
        "fim",
        "lc:stable",
        "ps-logging",
        "server",
        "windows"
      ],
      "this": "1cff8e5956cd336de748ecbd695d3d5f"
    },
    "ts": "{{ date }} 16:50:39"
  },
  {
    "event": {
      "EVENT": {
        "EventData": {
          "AuthenticationPackageName": "NTLM",
          "FailureReason": "%%2313",
          "IpAddress": "194.180.49.40",
          "IpPort": "0",
          "KeyLength": "0",
          "LmPackageName": "-",
          "LogonProcessName": "NtLmSsp",
          "LogonType": "3",
          "ProcessId": "0x0",
          "ProcessName": "-",
          "Status": "0xc000006d",
          "SubStatus": "0xc000006a",
          "SubjectDomainName": "-",
          "SubjectLogonId": "0x0",
          "SubjectUserName": "-",
          "SubjectUserSid": "S-1-0-0",
          "TargetDomainName": "-",
          "TargetUserName": "ADMINISTRATOR",
          "TargetUserSid": "S-1-0-0",
          "TransmittedServices": "-",
          "WorkstationName": "-"
        },
        "System": {
          "Channel": "Security",
          "Computer": "windows-server-2022-aac9c41d-e0a3-4e7e-88b8-33936ab93238-0",
          "Correlation": {
            "ActivityID": "{55ae049b-37ef-0001-acbb-5be38469dc01}"
          },
          "EventID": "4625",
          "EventRecordID": "24344647",
          "Execution": {
            "ProcessID": "648",
            "ThreadID": "3300"
          },
          "Keywords": "0x8010000000000000",
          "Level": "0",
          "Opcode": "0",
          "Provider": {
            "Guid": "{54849625-5478-4994-a5ba-3e3b0328c30d}",
            "Name": "Microsoft-Windows-Security-Auditing"
          },
          "Security": "",
          "Task": "12544",
          "TimeCreated": {
            "SystemTime": "2026-01-06T16:50:46.3038319Z"
          },
          "Version": "0",
          "_event_id": "4625"
        }
      }
    },
    "routing": {
      "arch": 2,
      "did": "",
      "event_id": "910c9b90-4fc3-4b82-bc20-398c6cb36021",
      "event_time": 1767718247291,
      "event_type": "WEL",
      "ext_ip": "34.171.104.183",
      "hostname": "windows-server-2022-aac9c41d-e0a3-4e7e-88b8-33936ab93238-0.c.lc-demo-infra.internal.",
      "iid": "09774cc8-cb43-4164-abd3-87230031c142",
      "int_ip": "10.128.15.201",
      "latency": 16,
      "moduleid": 2,
      "oid": "aac9c41d-e0a3-4e7e-88b8-33936ab93238",
      "plat": 268435456,
      "sid": "17b8710a-7337-4e64-9c18-2955e86f2d0d",
      "tags": [
        "fim",
        "lc:stable",
        "ps-logging",
        "server",
        "windows"
      ],
      "this": "83e2f6ef77aa1972ca113224695d3d67"
    },
    "ts": "{{ date }} 16:50:47"
  },
  {
    "event": {
      "COMMAND_LINE": "C:\\Windows\\System32\\svchost.exe -k termsvcs -s TermService",
      "CREATION_TIME": 1765337246490,
      "FILE_IS_SIGNED": 1,
      "FILE_PATH": "C:\\Windows\\System32\\svchost.exe",
      "HASH": "d7f10571f58adbe122f615b869eb42b05286770148067cbf88054c38f1bca4c4",
      "NETWORK_ACTIVITY": [
        {
          "DESTINATION": {
            "IP_ADDRESS": "10.128.15.201",
            "PORT": 3389
          },
          "IS_OUTGOING": 0,
          "PROTOCOL": "tcp4",
          "SOURCE": {
            "IP_ADDRESS": "109.205.211.41",
            "PORT": 50903
          },
          "TIMESTAMP": 1767718230465
        },
        {
          "DESTINATION": {
            "IP_ADDRESS": "10.128.15.201",
            "PORT": 3389
          },
          "IS_OUTGOING": 0,
          "PROTOCOL": "tcp4",
          "SOURCE": {
            "IP_ADDRESS": "194.180.49.39",
            "PORT": 7849
          },
          "TIMESTAMP": 1767718237877
        },
        {
          "DESTINATION": {
            "IP_ADDRESS": "10.128.15.201",
            "PORT": 3389
          },
          "IS_OUTGOING": 0,
          "PROTOCOL": "tcp4",
          "SOURCE": {
            "IP_ADDRESS": "194.180.49.40",
            "PORT": 51747
          },
          "TIMESTAMP": 1767718245633
        }
      ],
      "PARENT_PROCESS_ID": 628,
      "PROCESS_ID": 336,
      "USER_NAME": "NT AUTHORITY\\NETWORK SERVICE"
    },
    "routing": {
      "arch": 2,
      "did": "",
      "event_id": "24762b7b-c7a1-4368-86da-7a6e4300297d",
      "event_time": 1767718256814,
      "event_type": "NETWORK_CONNECTIONS",
      "ext_ip": "34.171.104.183",
      "hostname": "windows-server-2022-aac9c41d-e0a3-4e7e-88b8-33936ab93238-0.c.lc-demo-infra.internal.",
      "iid": "09774cc8-cb43-4164-abd3-87230031c142",
      "int_ip": "10.128.15.201",
      "latency": 7,
      "moduleid": 2,
      "oid": "aac9c41d-e0a3-4e7e-88b8-33936ab93238",
      "parent": "dd49a136963a4dc3ec3536c2693c44eb",
      "plat": 268435456,
      "sid": "17b8710a-7337-4e64-9c18-2955e86f2d0d",
      "tags": [
        "fim",
        "lc:stable",
        "ps-logging",
        "server",
        "windows"
      ],
      "this": "11540ae6413e2b74201e9f38695d3d70"
    },
    "ts": "{{ date }} 16:50:56"
  },
  {
    "event": {
      "EVENT": {
        "EventData": {
          "AuthenticationPackageName": "NTLM",
          "FailureReason": "%%2313",
          "IpAddress": "102.88.137.82",
          "IpPort": "0",
          "KeyLength": "0",
          "LmPackageName": "-",
          "LogonProcessName": "NtLmSsp",
          "LogonType": "3",
          "ProcessId": "0x0",
          "ProcessName": "-",
          "Status": "0xc000006d",
          "SubStatus": "0xc0000064",
          "SubjectDomainName": "-",
          "SubjectLogonId": "0x0",
          "SubjectUserName": "-",
          "SubjectUserSid": "S-1-0-0",
          "TargetDomainName": "-",
          "TargetUserName": "",
          "TargetUserSid": "S-1-0-0",
          "TransmittedServices": "-",
          "WorkstationName": "-"
        },
        "System": {
          "Channel": "Security",
          "Computer": "windows-server-2022-aac9c41d-e0a3-4e7e-88b8-33936ab93238-0",
          "Correlation": {
            "ActivityID": "{55ae049b-37ef-0001-acbb-5be38469dc01}"
          },
          "EventID": "4625",
          "EventRecordID": "24344648",
          "Execution": {
            "ProcessID": "648",
            "ThreadID": "3300"
          },
          "Keywords": "0x8010000000000000",
          "Level": "0",
          "Opcode": "0",
          "Provider": {
            "Guid": "{54849625-5478-4994-a5ba-3e3b0328c30d}",
            "Name": "Microsoft-Windows-Security-Auditing"
          },
          "Security": "",
          "Task": "12544",
          "TimeCreated": {
            "SystemTime": "2026-01-06T16:50:57.7740875Z"
          },
          "Version": "0",
          "_event_id": "4625"
        }
      }
    },
    "routing": {
      "arch": 2,
      "did": "",
      "event_id": "77130291-7e97-41b2-9062-2c2a20bcbaa0",
      "event_time": 1767718258783,
      "event_type": "WEL",
      "ext_ip": "34.171.104.183",
      "hostname": "windows-server-2022-aac9c41d-e0a3-4e7e-88b8-33936ab93238-0.c.lc-demo-infra.internal.",
      "iid": "09774cc8-cb43-4164-abd3-87230031c142",
      "int_ip": "10.128.15.201",
      "latency": 2,
      "moduleid": 2,
      "oid": "aac9c41d-e0a3-4e7e-88b8-33936ab93238",
      "plat": 268435456,
      "sid": "17b8710a-7337-4e64-9c18-2955e86f2d0d",
      "tags": [
        "fim",
        "lc:stable",
        "ps-logging",
        "server",
        "windows"
      ],
      "this": "2e93005e90e88d0f055a94e9695d3d72"
    },
    "ts": "{{ date }} 16:50:58"
  },
  {
    "event": {
      "COMMAND_LINE": "C:\\Windows\\System32\\svchost.exe -k termsvcs -s TermService",
      "CREATION_TIME": 1765337246490,
      "FILE_IS_SIGNED": 1,
      "FILE_PATH": "C:\\Windows\\System32\\svchost.exe",
      "HASH": "d7f10571f58adbe122f615b869eb42b05286770148067cbf88054c38f1bca4c4",
      "NETWORK_ACTIVITY": [
        {
          "DESTINATION": {
            "IP_ADDRESS": "10.128.15.201",
            "PORT": 3389
          },
          "IS_OUTGOING": 0,
          "PROTOCOL": "tcp4",
          "SOURCE": {
            "IP_ADDRESS": "102.88.137.82",
            "PORT": 57449
          },
          "TIMESTAMP": 1767718256845
        },
        {
          "DESTINATION": {
            "IP_ADDRESS": "10.128.15.201",
            "PORT": 3389
          },
          "IS_OUTGOING": 0,
          "PROTOCOL": "tcp4",
          "SOURCE": {
            "IP_ADDRESS": "178.16.53.187",
            "PORT": 10022
          },
          "TIMESTAMP": 1767718260644
        }
      ],
      "PARENT_PROCESS_ID": 628,
      "PROCESS_ID": 336,
      "USER_NAME": "NT AUTHORITY\\NETWORK SERVICE"
    },
    "routing": {
      "arch": 2,
      "did": "",
      "event_id": "1df1759b-3ead-42ce-917d-9b08970c5e61",
      "event_time": 1767718287087,
      "event_type": "NETWORK_CONNECTIONS",
      "ext_ip": "34.171.104.183",
      "hostname": "windows-server-2022-aac9c41d-e0a3-4e7e-88b8-33936ab93238-0.c.lc-demo-infra.internal.",
      "iid": "09774cc8-cb43-4164-abd3-87230031c142",
      "int_ip": "10.128.15.201",
      "latency": 3,
      "moduleid": 2,
      "oid": "aac9c41d-e0a3-4e7e-88b8-33936ab93238",
      "parent": "dd49a136963a4dc3ec3536c2693c44eb",
      "plat": 268435456,
      "sid": "17b8710a-7337-4e64-9c18-2955e86f2d0d",
      "tags": [
        "fim",
        "lc:stable",
        "ps-logging",
        "server",
        "windows"
      ],
      "this": "65196af9bac836991c0a0a56695d3d8f"
    },
    "ts": "{{ date }} 16:51:27"
  },
